<?xml version="1.0" encoding="UTF-8"?>
<coverage generated="1658425244108" clover="3.2.0">
  <project timestamp="1658425244108" name="All files">
    <metrics statements="9" coveredstatements="4" conditionals="4" coveredconditionals="1" methods="3" coveredmethods="1" elements="16" coveredelements="6" complexity="0" loc="9" ncloc="9" packages="1" files="1" classes="1"/>
    <file name="methods.js" path="C:\Users\TAMARA\To-Do-List\src\methods.js">
      <metrics statements="9" coveredstatements="4" conditionals="4" coveredconditionals="1" methods="3" coveredmethods="1"/>
      <line num="2" count="2" type="cond" truecount="1" falsecount="1"/>
      <line num="3" count="2" type="stmt"/>
      <line num="9" count="2" type="stmt"/>
      <line num="13" count="0" type="cond" truecount="0" falsecount="2"/>
      <line num="14" count="0" type="stmt"/>
      <line num="16" count="0" type="stmt"/>
      <line num="20" count="0" type="stmt"/>
      <line num="21" count="0" type="stmt"/>
      <line num="23" count="1" type="stmt"/>
    </file>
  </project>
</coverage>
